<?xml version="1.0" encoding="UTF-8"?>
<!-- Generated by org.testng.reporters.JUnitXMLReporter -->
<testsuite ignored="0" hostname="HP-ENVY-X360-15" failures="0" tests="7" name="Default test" time="82.589" errors="0" timestamp="2023-08-15T22:06:50 EDT">
  <testcase classname="test.Exigences" name="exigence1" time="2.964"/>
  <testcase classname="test.Exigences" name="exigence2" time="2.89"/>
  <testcase classname="test.Exigences" name="exigence3" time="3.786"/>
  <testcase classname="test.Exigences" name="exigence4" time="4.053"/>
  <testcase classname="test.Exigences" name="exigence5" time="4.789"/>
  <testcase classname="test.Exigences" name="exigence6" time="3.403"/>
  <testcase classname="test.Exigences" name="exigence7" time="2.899"/>
</testsuite> <!-- Default test -->
