<?xml version="1.0" encoding="UTF-8"?>
<!-- Generated by org.testng.reporters.JUnitXMLReporter -->
<testsuite ignored="7" hostname="HP-ENVY-X360-15" failures="0" tests="1" name="Default test" time="23.949" errors="0" timestamp="2023-08-28T22:13:14 EDT">
  <testcase classname="test.Exigences" name="exigence2" time="14.483"/>
  <testcase classname="test.Exigences" name="exigence8" time="0.0">
    <ignored/>
  </testcase> <!-- exigence8 -->
  <testcase classname="test.Exigences" name="exigence3" time="0.0">
    <ignored/>
  </testcase> <!-- exigence3 -->
  <testcase classname="test.Exigences" name="exigence1" time="0.0">
    <ignored/>
  </testcase> <!-- exigence1 -->
  <testcase classname="test.Exigences" name="exigence6" time="0.0">
    <ignored/>
  </testcase> <!-- exigence6 -->
  <testcase classname="test.Exigences" name="exigence7" time="0.0">
    <ignored/>
  </testcase> <!-- exigence7 -->
  <testcase classname="test.Exigences" name="exigence4" time="0.0">
    <ignored/>
  </testcase> <!-- exigence4 -->
  <testcase classname="test.Exigences" name="exigence5" time="0.0">
    <ignored/>
  </testcase> <!-- exigence5 -->
</testsuite> <!-- Default test -->
