<?xml version="1.0" encoding="UTF-8"?>
<testng-results ignored="0" total="1" passed="1" failed="0" skipped="0">
  <reporter-output>
  </reporter-output>
  <suite started-at="2023-08-28T22:12:50 EDT" name="Default suite" finished-at="2023-08-28T22:13:14 EDT" duration-ms="23949">
    <groups>
    </groups>
    <test started-at="2023-08-28T22:12:50 EDT" name="Default test" finished-at="2023-08-28T22:13:14 EDT" duration-ms="23949">
      <class name="test.Exigences">
        <test-method is-config="true" signature="setup()[pri:0, instance:test.Exigences@563f38c4]" started-at="2023-08-28T22:12:50 EDT" name="setup" finished-at="2023-08-28T22:12:58 EDT" duration-ms="7160" status="PASS">
          <reporter-output>
          </reporter-output>
        </test-method> <!-- setup -->
        <test-method signature="exigence2()[pri:0, instance:test.Exigences@563f38c4]" started-at="2023-08-28T22:12:58 EDT" name="exigence2" finished-at="2023-08-28T22:13:12 EDT" duration-ms="14483" status="PASS">
          <reporter-output>
          </reporter-output>
        </test-method> <!-- exigence2 -->
        <test-method is-config="true" signature="teardown()[pri:0, instance:test.Exigences@563f38c4]" started-at="2023-08-28T22:13:12 EDT" name="teardown" finished-at="2023-08-28T22:13:14 EDT" duration-ms="2260" status="PASS">
          <reporter-output>
          </reporter-output>
        </test-method> <!-- teardown -->
      </class> <!-- test.Exigences -->
    </test> <!-- Default test -->
  </suite> <!-- Default suite -->
</testng-results>
